2021-02-02 00:49:38,947 INFO org.springframework.boot.StartupInfoLogger [restartedMain] Starting Application on ANDRES-MONTOYA with PID 2008 (started by andres.montoya in D:\CEIBA\ADN CEIBA\alquiler-autos-de-lujo\backend\microservicio)
2021-02-02 00:49:38,952 INFO org.springframework.boot.SpringApplication [restartedMain] No active profile set, falling back to default profiles: default
2021-02-02 00:49:39,019 INFO org.springframework.boot.logging.DeferredLog [restartedMain] Devtools property defaults active! Set 'spring.devtools.add-properties' to 'false' to disable
2021-02-02 00:49:39,020 INFO org.springframework.boot.logging.DeferredLog [restartedMain] For additional web related logging consider setting the 'logging.level.web' property to 'DEBUG'
2021-02-02 00:49:40,537 INFO com.ulisesbocchio.jasyptspringboot.configuration.EnableEncryptablePropertiesBeanFactoryPostProcessor [restartedMain] Post-processing PropertySource instances
2021-02-02 00:49:40,599 INFO com.ulisesbocchio.jasyptspringboot.EncryptablePropertySourceConverter [restartedMain] Converting PropertySource configurationProperties [org.springframework.boot.context.properties.source.ConfigurationPropertySourcesPropertySource] to AOP Proxy
2021-02-02 00:49:40,601 INFO com.ulisesbocchio.jasyptspringboot.EncryptablePropertySourceConverter [restartedMain] Converting PropertySource commandLineArgs [org.springframework.core.env.SimpleCommandLinePropertySource] to EncryptableEnumerablePropertySourceWrapper
2021-02-02 00:49:40,601 INFO com.ulisesbocchio.jasyptspringboot.EncryptablePropertySourceConverter [restartedMain] Converting PropertySource servletConfigInitParams [org.springframework.core.env.PropertySource$StubPropertySource] to EncryptablePropertySourceWrapper
2021-02-02 00:49:40,601 INFO com.ulisesbocchio.jasyptspringboot.EncryptablePropertySourceConverter [restartedMain] Converting PropertySource servletContextInitParams [org.springframework.core.env.PropertySource$StubPropertySource] to EncryptablePropertySourceWrapper
2021-02-02 00:49:40,601 INFO com.ulisesbocchio.jasyptspringboot.EncryptablePropertySourceConverter [restartedMain] Converting PropertySource systemProperties [org.springframework.core.env.PropertiesPropertySource] to EncryptableMapPropertySourceWrapper
2021-02-02 00:49:40,601 INFO com.ulisesbocchio.jasyptspringboot.EncryptablePropertySourceConverter [restartedMain] Converting PropertySource systemEnvironment [org.springframework.boot.env.SystemEnvironmentPropertySourceEnvironmentPostProcessor$OriginAwareSystemEnvironmentPropertySource] to EncryptableMapPropertySourceWrapper
2021-02-02 00:49:40,602 INFO com.ulisesbocchio.jasyptspringboot.EncryptablePropertySourceConverter [restartedMain] Converting PropertySource random [org.springframework.boot.env.RandomValuePropertySource] to EncryptablePropertySourceWrapper
2021-02-02 00:49:40,602 INFO com.ulisesbocchio.jasyptspringboot.EncryptablePropertySourceConverter [restartedMain] Converting PropertySource applicationConfig: [classpath:/application.yaml] [org.springframework.boot.env.OriginTrackedMapPropertySource] to EncryptableMapPropertySourceWrapper
2021-02-02 00:49:40,602 INFO com.ulisesbocchio.jasyptspringboot.EncryptablePropertySourceConverter [restartedMain] Converting PropertySource devtools [org.springframework.core.env.MapPropertySource] to EncryptableMapPropertySourceWrapper
2021-02-02 00:49:40,629 INFO com.ulisesbocchio.jasyptspringboot.filter.DefaultLazyPropertyFilter [restartedMain] Property Filter custom Bean not found with name 'encryptablePropertyFilter'. Initializing Default Property Filter
2021-02-02 00:49:40,665 INFO org.springframework.context.support.PostProcessorRegistrationDelegate$BeanPostProcessorChecker [restartedMain] Bean 'org.springframework.transaction.annotation.ProxyTransactionManagementConfiguration' of type [org.springframework.transaction.annotation.ProxyTransactionManagementConfiguration] is not eligible for getting processed by all BeanPostProcessors (for example: not eligible for auto-proxying)
2021-02-02 00:49:40,721 INFO com.ulisesbocchio.jasyptspringboot.resolver.DefaultLazyPropertyResolver [restartedMain] Property Resolver custom Bean not found with name 'encryptablePropertyResolver'. Initializing Default Property Resolver
2021-02-02 00:49:40,723 INFO com.ulisesbocchio.jasyptspringboot.detector.DefaultLazyPropertyDetector [restartedMain] Property Detector custom Bean not found with name 'encryptablePropertyDetector'. Initializing Default Property Detector
2021-02-02 00:49:40,884 WARN io.undertow.websockets.jsr.Bootstrap [restartedMain] UT026010: Buffer pool was not set on WebSocketDeploymentInfo, the default pool will be used
2021-02-02 00:49:40,909 INFO io.undertow.servlet.spec.ServletContextImpl [restartedMain] Initializing Spring embedded WebApplicationContext
2021-02-02 00:49:40,909 INFO org.springframework.boot.web.servlet.context.ServletWebServerApplicationContext [restartedMain] Root WebApplicationContext: initialization completed in 1889 ms
2021-02-02 00:49:41,009 INFO com.zaxxer.hikari.HikariDataSource [restartedMain] pool - Starting...
2021-02-02 00:49:41,259 INFO com.zaxxer.hikari.HikariDataSource [restartedMain] pool - Start completed.
2021-02-02 00:49:41,277 INFO org.springframework.boot.autoconfigure.h2.H2ConsoleAutoConfiguration [restartedMain] H2 console available at '/h2-console'. Database available at 'jdbc:mysql://localhost:3306/adn_ceiba?serverTimezone=America/Bogota'
2021-02-02 00:49:41,543 INFO org.flywaydb.core.internal.logging.slf4j.Slf4jLog [restartedMain] Flyway Community Edition 5.2.1 by Boxfuse
2021-02-02 00:49:41,551 INFO org.flywaydb.core.internal.logging.slf4j.Slf4jLog [restartedMain] Database: jdbc:mysql://localhost:3306/adn_ceiba (MySQL 8.0)
2021-02-02 00:49:41,625 INFO org.flywaydb.core.internal.logging.slf4j.Slf4jLog [restartedMain] Successfully validated 1 migration (execution time 00:00.019s)
2021-02-02 00:49:41,634 INFO org.flywaydb.core.internal.logging.slf4j.Slf4jLog [restartedMain] Current version of schema `adn_ceiba`: 1.0
2021-02-02 00:49:41,635 INFO org.flywaydb.core.internal.logging.slf4j.Slf4jLog [restartedMain] Schema `adn_ceiba` is up to date. No migration necessary.
2021-02-02 00:49:41,724 WARN org.springframework.context.support.AbstractApplicationContext [restartedMain] Exception encountered during context initialization - cancelling refresh attempt: org.springframework.beans.factory.UnsatisfiedDependencyException: Error creating bean with name 'manejadorObtenerAuto' defined in file [D:\CEIBA\ADN CEIBA\alquiler-autos-de-lujo\backend\microservicio\aplicacion\bin\main\com\ceiba\auto\consulta\ManejadorObtenerAuto.class]: Unsatisfied dependency expressed through constructor parameter 0; nested exception is org.springframework.beans.factory.NoSuchBeanDefinitionException: No qualifying bean of type 'com.ceiba.auto.puerto.dao.DaoAuto' available: expected at least 1 bean which qualifies as autowire candidate. Dependency annotations: {}
2021-02-02 00:49:41,725 INFO com.zaxxer.hikari.HikariDataSource [restartedMain] pool - Shutdown initiated...
2021-02-02 00:49:41,728 INFO com.zaxxer.hikari.HikariDataSource [restartedMain] pool - Shutdown completed.
2021-02-02 00:49:41,740 INFO org.springframework.boot.autoconfigure.logging.ConditionEvaluationReportLoggingListener [restartedMain] 

Error starting ApplicationContext. To display the conditions report re-run your application with 'debug' enabled.
2021-02-02 00:49:41,997 ERROR org.springframework.boot.diagnostics.LoggingFailureAnalysisReporter [restartedMain] 

***************************
APPLICATION FAILED TO START
***************************

Description:

Parameter 0 of constructor in com.ceiba.auto.consulta.ManejadorObtenerAuto required a bean of type 'com.ceiba.auto.puerto.dao.DaoAuto' that could not be found.


Action:

Consider defining a bean of type 'com.ceiba.auto.puerto.dao.DaoAuto' in your configuration.

2021-02-02 01:16:45,555 INFO org.springframework.boot.StartupInfoLogger [restartedMain] Starting Application on ANDRES-MONTOYA with PID 5584 (started by andres.montoya in D:\CEIBA\ADN CEIBA\alquiler-autos-de-lujo\backend\microservicio)
2021-02-02 01:16:45,559 INFO org.springframework.boot.SpringApplication [restartedMain] No active profile set, falling back to default profiles: default
2021-02-02 01:16:45,604 INFO org.springframework.boot.logging.DeferredLog [restartedMain] Devtools property defaults active! Set 'spring.devtools.add-properties' to 'false' to disable
2021-02-02 01:16:45,604 INFO org.springframework.boot.logging.DeferredLog [restartedMain] For additional web related logging consider setting the 'logging.level.web' property to 'DEBUG'
2021-02-02 01:16:47,066 INFO com.ulisesbocchio.jasyptspringboot.configuration.EnableEncryptablePropertiesBeanFactoryPostProcessor [restartedMain] Post-processing PropertySource instances
2021-02-02 01:16:47,122 INFO com.ulisesbocchio.jasyptspringboot.EncryptablePropertySourceConverter [restartedMain] Converting PropertySource configurationProperties [org.springframework.boot.context.properties.source.ConfigurationPropertySourcesPropertySource] to AOP Proxy
2021-02-02 01:16:47,124 INFO com.ulisesbocchio.jasyptspringboot.EncryptablePropertySourceConverter [restartedMain] Converting PropertySource commandLineArgs [org.springframework.core.env.SimpleCommandLinePropertySource] to EncryptableEnumerablePropertySourceWrapper
2021-02-02 01:16:47,124 INFO com.ulisesbocchio.jasyptspringboot.EncryptablePropertySourceConverter [restartedMain] Converting PropertySource servletConfigInitParams [org.springframework.core.env.PropertySource$StubPropertySource] to EncryptablePropertySourceWrapper
2021-02-02 01:16:47,124 INFO com.ulisesbocchio.jasyptspringboot.EncryptablePropertySourceConverter [restartedMain] Converting PropertySource servletContextInitParams [org.springframework.core.env.PropertySource$StubPropertySource] to EncryptablePropertySourceWrapper
2021-02-02 01:16:47,124 INFO com.ulisesbocchio.jasyptspringboot.EncryptablePropertySourceConverter [restartedMain] Converting PropertySource systemProperties [org.springframework.core.env.PropertiesPropertySource] to EncryptableMapPropertySourceWrapper
2021-02-02 01:16:47,124 INFO com.ulisesbocchio.jasyptspringboot.EncryptablePropertySourceConverter [restartedMain] Converting PropertySource systemEnvironment [org.springframework.boot.env.SystemEnvironmentPropertySourceEnvironmentPostProcessor$OriginAwareSystemEnvironmentPropertySource] to EncryptableMapPropertySourceWrapper
2021-02-02 01:16:47,124 INFO com.ulisesbocchio.jasyptspringboot.EncryptablePropertySourceConverter [restartedMain] Converting PropertySource random [org.springframework.boot.env.RandomValuePropertySource] to EncryptablePropertySourceWrapper
2021-02-02 01:16:47,124 INFO com.ulisesbocchio.jasyptspringboot.EncryptablePropertySourceConverter [restartedMain] Converting PropertySource applicationConfig: [classpath:/application.yaml] [org.springframework.boot.env.OriginTrackedMapPropertySource] to EncryptableMapPropertySourceWrapper
2021-02-02 01:16:47,125 INFO com.ulisesbocchio.jasyptspringboot.EncryptablePropertySourceConverter [restartedMain] Converting PropertySource devtools [org.springframework.core.env.MapPropertySource] to EncryptableMapPropertySourceWrapper
2021-02-02 01:16:47,155 INFO com.ulisesbocchio.jasyptspringboot.filter.DefaultLazyPropertyFilter [restartedMain] Property Filter custom Bean not found with name 'encryptablePropertyFilter'. Initializing Default Property Filter
2021-02-02 01:16:47,194 INFO org.springframework.context.support.PostProcessorRegistrationDelegate$BeanPostProcessorChecker [restartedMain] Bean 'org.springframework.transaction.annotation.ProxyTransactionManagementConfiguration' of type [org.springframework.transaction.annotation.ProxyTransactionManagementConfiguration] is not eligible for getting processed by all BeanPostProcessors (for example: not eligible for auto-proxying)
2021-02-02 01:16:47,250 INFO com.ulisesbocchio.jasyptspringboot.resolver.DefaultLazyPropertyResolver [restartedMain] Property Resolver custom Bean not found with name 'encryptablePropertyResolver'. Initializing Default Property Resolver
2021-02-02 01:16:47,252 INFO com.ulisesbocchio.jasyptspringboot.detector.DefaultLazyPropertyDetector [restartedMain] Property Detector custom Bean not found with name 'encryptablePropertyDetector'. Initializing Default Property Detector
2021-02-02 01:16:47,412 WARN io.undertow.websockets.jsr.Bootstrap [restartedMain] UT026010: Buffer pool was not set on WebSocketDeploymentInfo, the default pool will be used
2021-02-02 01:16:47,437 INFO io.undertow.servlet.spec.ServletContextImpl [restartedMain] Initializing Spring embedded WebApplicationContext
2021-02-02 01:16:47,438 INFO org.springframework.boot.web.servlet.context.ServletWebServerApplicationContext [restartedMain] Root WebApplicationContext: initialization completed in 1834 ms
2021-02-02 01:16:47,542 INFO com.zaxxer.hikari.HikariDataSource [restartedMain] pool - Starting...
2021-02-02 01:16:47,786 INFO com.zaxxer.hikari.HikariDataSource [restartedMain] pool - Start completed.
2021-02-02 01:16:47,803 INFO org.springframework.boot.autoconfigure.h2.H2ConsoleAutoConfiguration [restartedMain] H2 console available at '/h2-console'. Database available at 'jdbc:mysql://localhost:3306/adn_ceiba?serverTimezone=America/Bogota'
2021-02-02 01:16:48,072 INFO org.flywaydb.core.internal.logging.slf4j.Slf4jLog [restartedMain] Flyway Community Edition 5.2.1 by Boxfuse
2021-02-02 01:16:48,080 INFO org.flywaydb.core.internal.logging.slf4j.Slf4jLog [restartedMain] Database: jdbc:mysql://localhost:3306/adn_ceiba (MySQL 8.0)
2021-02-02 01:16:48,146 INFO org.flywaydb.core.internal.logging.slf4j.Slf4jLog [restartedMain] Successfully validated 1 migration (execution time 00:00.016s)
2021-02-02 01:16:48,154 INFO org.flywaydb.core.internal.logging.slf4j.Slf4jLog [restartedMain] Current version of schema `adn_ceiba`: 1.0
2021-02-02 01:16:48,155 INFO org.flywaydb.core.internal.logging.slf4j.Slf4jLog [restartedMain] Schema `adn_ceiba` is up to date. No migration necessary.
2021-02-02 01:16:48,496 INFO org.springframework.boot.actuate.endpoint.web.EndpointLinksResolver [restartedMain] Exposing 2 endpoint(s) beneath base path '/actuator'
2021-02-02 01:16:48,568 INFO springfox.documentation.spring.web.PropertySourcedRequestMappingHandlerMapping [restartedMain] Mapped URL path [/v2/api-docs] onto method [springfox.documentation.swagger2.web.Swagger2Controller#getDocumentation(String, HttpServletRequest)]
2021-02-02 01:16:48,618 INFO org.springframework.scheduling.concurrent.ExecutorConfigurationSupport [restartedMain] Initializing ExecutorService 'applicationTaskExecutor'
2021-02-02 01:16:48,657 INFO org.springframework.boot.devtools.autoconfigure.OptionalLiveReloadServer [restartedMain] LiveReload server is running on port 35729
2021-02-02 01:16:48,859 INFO springfox.documentation.spring.web.plugins.DocumentationPluginsBootstrapper [restartedMain] Context refreshed
2021-02-02 01:16:48,881 INFO springfox.documentation.spring.web.plugins.DocumentationPluginsBootstrapper [restartedMain] Found 1 custom documentation plugin(s)
2021-02-02 01:16:48,910 INFO springfox.documentation.spring.web.scanners.ApiListingReferenceScanner [restartedMain] Scanning for api listing references
2021-02-02 01:16:49,024 INFO springfox.documentation.spring.web.readers.operation.CachingOperationNameGenerator [restartedMain] Generating unique operation named: crearUsingPOST_1
2021-02-02 01:16:49,027 INFO springfox.documentation.spring.web.readers.operation.CachingOperationNameGenerator [restartedMain] Generating unique operation named: actualizarUsingPUT_1
2021-02-02 01:16:49,029 INFO springfox.documentation.spring.web.readers.operation.CachingOperationNameGenerator [restartedMain] Generating unique operation named: crearUsingPOST_2
2021-02-02 01:16:49,060 INFO io.undertow.Undertow [restartedMain] starting server: Undertow - 2.0.29.Final
2021-02-02 01:16:49,068 INFO org.xnio.Xnio [restartedMain] XNIO version 3.3.8.Final
2021-02-02 01:16:49,078 INFO org.xnio.nio.NioXnio [restartedMain] XNIO NIO Implementation Version 3.3.8.Final
2021-02-02 01:16:49,131 INFO org.springframework.boot.web.embedded.undertow.UndertowServletWebServer [restartedMain] Undertow started on port(s) 8080 (http) with context path ''
2021-02-02 01:16:49,134 INFO org.springframework.boot.StartupInfoLogger [restartedMain] Started Application in 4.078 seconds (JVM running for 5.145)
2021-02-02 01:16:51,155 INFO io.undertow.servlet.spec.ServletContextImpl [RMI TCP Connection(3)-127.0.0.1] Initializing Spring DispatcherServlet 'dispatcherServlet'
2021-02-02 01:16:51,156 INFO org.springframework.web.servlet.FrameworkServlet [RMI TCP Connection(3)-127.0.0.1] Initializing Servlet 'dispatcherServlet'
2021-02-02 01:16:51,161 INFO org.springframework.web.servlet.FrameworkServlet [RMI TCP Connection(3)-127.0.0.1] Completed initialization in 5 ms
2021-02-02 01:16:53,794 INFO org.springframework.boot.admin.SpringApplicationAdminMXBeanRegistrar$SpringApplicationAdmin [RMI TCP Connection(9)-127.0.0.1] Application shutdown requested.
2021-02-02 01:16:53,800 INFO org.springframework.scheduling.concurrent.ExecutorConfigurationSupport [RMI TCP Connection(9)-127.0.0.1] Shutting down ExecutorService 'applicationTaskExecutor'
2021-02-02 01:16:53,806 INFO com.zaxxer.hikari.HikariDataSource [RMI TCP Connection(9)-127.0.0.1] pool - Shutdown initiated...
2021-02-02 01:16:53,812 INFO com.zaxxer.hikari.HikariDataSource [RMI TCP Connection(9)-127.0.0.1] pool - Shutdown completed.
2021-02-02 01:16:53,816 INFO io.undertow.servlet.spec.ServletContextImpl [RMI TCP Connection(9)-127.0.0.1] Destroying Spring FrameworkServlet 'dispatcherServlet'
2021-02-02 01:16:53,821 INFO io.undertow.Undertow [RMI TCP Connection(9)-127.0.0.1] stopping server: Undertow - 2.0.29.Final
